Traceback (most recent call last):
  File "D:\Anaconda3\Lib\site-packages\jupyter_cache\executors\utils.py", line 58, in single_nb_execution
    executenb(
  File "D:\Anaconda3\Lib\site-packages\nbclient\client.py", line 1305, in execute
    return NotebookClient(nb=nb, resources=resources, km=km, **kwargs).execute()
           ^^^^^^^^^^^^^^^^^^^^^^^^^^^^^^^^^^^^^^^^^^^^^^^^^^^^^^^^^^^^^^^^^^^^^
  File "D:\Anaconda3\Lib\site-packages\jupyter_core\utils\__init__.py", line 165, in wrapped
    return loop.run_until_complete(inner)
           ^^^^^^^^^^^^^^^^^^^^^^^^^^^^^^
  File "D:\Anaconda3\Lib\asyncio\base_events.py", line 687, in run_until_complete
    return future.result()
           ^^^^^^^^^^^^^^^
  File "D:\Anaconda3\Lib\site-packages\nbclient\client.py", line 705, in async_execute
    await self.async_execute_cell(
  File "D:\Anaconda3\Lib\site-packages\nbclient\client.py", line 1058, in async_execute_cell
    await self._check_raise_for_error(cell, cell_index, exec_reply)
  File "D:\Anaconda3\Lib\site-packages\nbclient\client.py", line 914, in _check_raise_for_error
    raise CellExecutionError.from_cell_and_msg(cell, exec_reply_content)
nbclient.exceptions.CellExecutionError: An error occurred while executing the following cell:
------------------
# Imports
from bqplot import LinearScale, Axis, Figure, Lines, CATEGORY10
from ipywidgets import HBox, VBox, Layout, HTML
from ipydatagrid import DataGrid
    
# Setting up the data grid
stock_grid = DataGrid(stock_df, selection_mode='column')

# Creating the bqplot chart objects
sc_x = LinearScale()
sc_y = LinearScale()
line = Lines(x=[], y=[], labels=['Fake stock price'], display_legend=True,
                 scales={'x': sc_x, 'y': sc_y})
ax_x = Axis(scale=sc_x, label='Index')
ax_y = Axis(scale=sc_y, orientation='vertical', label='y-value')
fig = Figure(marks=[line], axes=[ax_x, ax_y], title='Line Chart', layout=Layout(flex='1 1 auto', width='100%'))

# Creating the application title
app_title = HTML(value="<h1 style='color: salmon'>My complex application</h1><h2>Select a column to plot it</h2>")
------------------


[1;31m---------------------------------------------------------------------------[0m
[1;31mModuleNotFoundError[0m                       Traceback (most recent call last)
Cell [1;32mIn[2], line 2[0m
[0;32m      1[0m [38;5;66;03m# Imports[39;00m
[1;32m----> 2[0m [38;5;28;01mfrom[39;00m [38;5;21;01mbqplot[39;00m [38;5;28;01mimport[39;00m LinearScale, Axis, Figure, Lines, CATEGORY10
[0;32m      3[0m [38;5;28;01mfrom[39;00m [38;5;21;01mipywidgets[39;00m [38;5;28;01mimport[39;00m HBox, VBox, Layout, HTML
[0;32m      4[0m [38;5;28;01mfrom[39;00m [38;5;21;01mipydatagrid[39;00m [38;5;28;01mimport[39;00m DataGrid

[1;31mModuleNotFoundError[0m: No module named 'bqplot'

