Traceback (most recent call last):
  File "D:\Anaconda3\Lib\site-packages\jupyter_cache\executors\utils.py", line 58, in single_nb_execution
    executenb(
  File "D:\Anaconda3\Lib\site-packages\nbclient\client.py", line 1305, in execute
    return NotebookClient(nb=nb, resources=resources, km=km, **kwargs).execute()
           ^^^^^^^^^^^^^^^^^^^^^^^^^^^^^^^^^^^^^^^^^^^^^^^^^^^^^^^^^^^^^^^^^^^^^
  File "D:\Anaconda3\Lib\site-packages\jupyter_core\utils\__init__.py", line 165, in wrapped
    return loop.run_until_complete(inner)
           ^^^^^^^^^^^^^^^^^^^^^^^^^^^^^^
  File "D:\Anaconda3\Lib\asyncio\base_events.py", line 687, in run_until_complete
    return future.result()
           ^^^^^^^^^^^^^^^
  File "D:\Anaconda3\Lib\site-packages\nbclient\client.py", line 705, in async_execute
    await self.async_execute_cell(
  File "D:\Anaconda3\Lib\site-packages\nbclient\client.py", line 1058, in async_execute_cell
    await self._check_raise_for_error(cell, cell_index, exec_reply)
  File "D:\Anaconda3\Lib\site-packages\nbclient\client.py", line 914, in _check_raise_for_error
    raise CellExecutionError.from_cell_and_msg(cell, exec_reply_content)
nbclient.exceptions.CellExecutionError: An error occurred while executing the following cell:
------------------
from ipywidgets import Stacked, IntSlider
button = Button(description='Click here')
slider = IntSlider(value=100, min=0, max=100)
stacked = Stacked([button, slider], selected_index=0)
stacked  # will show only the button"
------------------


[1;31m---------------------------------------------------------------------------[0m
[1;31mImportError[0m                               Traceback (most recent call last)
Cell [1;32mIn[11], line 1[0m
[1;32m----> 1[0m [38;5;28;01mfrom[39;00m [38;5;21;01mipywidgets[39;00m [38;5;28;01mimport[39;00m Stacked, IntSlider
[0;32m      2[0m button [38;5;241m=[39m Button(description[38;5;241m=[39m[38;5;124m'[39m[38;5;124mClick here[39m[38;5;124m'[39m)
[0;32m      3[0m slider [38;5;241m=[39m IntSlider(value[38;5;241m=[39m[38;5;241m100[39m, [38;5;28mmin[39m[38;5;241m=[39m[38;5;241m0[39m, [38;5;28mmax[39m[38;5;241m=[39m[38;5;241m100[39m)

[1;31mImportError[0m: cannot import name 'Stacked' from 'ipywidgets' (D:\Anaconda3\Lib\site-packages\ipywidgets\__init__.py)

